<?xml version="1.0" encoding="UTF-8"?>
<coverage generated="1698415636707" clover="3.2.0">
  <project timestamp="1698415636707" name="All files">
    <metrics statements="127" coveredstatements="115" conditionals="68" coveredconditionals="40" methods="36" coveredmethods="29" elements="231" coveredelements="184" complexity="0" loc="127" ncloc="127" packages="5" files="9" classes="9"/>
    <package name="components.Button">
      <metrics statements="9" coveredstatements="9" conditionals="26" coveredconditionals="19" methods="4" coveredmethods="4"/>
      <file name="Button.tsx" path="/Users/ducanhpham/Desktop/vnoc/zeevision/frontend/src/components/Button/Button.tsx">
        <metrics statements="8" coveredstatements="8" conditionals="26" coveredconditionals="19" methods="3" coveredmethods="3"/>
        <line num="1" count="2" type="stmt"/>
        <line num="6" count="2" type="stmt"/>
        <line num="7" count="2" type="stmt"/>
        <line num="43" count="2" type="stmt"/>
        <line num="50" count="14" type="stmt"/>
        <line num="57" count="2" type="stmt"/>
        <line num="58" count="67" type="cond" truecount="2" falsecount="0"/>
        <line num="60" count="14" type="stmt"/>
      </file>
      <file name="index.ts" path="/Users/ducanhpham/Desktop/vnoc/zeevision/frontend/src/components/Button/index.ts">
        <metrics statements="1" coveredstatements="1" conditionals="0" coveredconditionals="0" methods="1" coveredmethods="1"/>
        <line num="1" count="17" type="stmt"/>
      </file>
    </package>
    <package name="components.Popup">
      <metrics statements="25" coveredstatements="21" conditionals="8" coveredconditionals="1" methods="5" coveredmethods="3"/>
      <file name="Popup.tsx" path="/Users/ducanhpham/Desktop/vnoc/zeevision/frontend/src/components/Popup/Popup.tsx">
        <metrics statements="25" coveredstatements="21" conditionals="8" coveredconditionals="1" methods="5" coveredmethods="3"/>
        <line num="1" count="1" type="stmt"/>
        <line num="2" count="1" type="stmt"/>
        <line num="3" count="1" type="stmt"/>
        <line num="4" count="1" type="stmt"/>
        <line num="5" count="1" type="stmt"/>
        <line num="6" count="1" type="stmt"/>
        <line num="25" count="1" type="stmt"/>
        <line num="26" count="7" type="stmt"/>
        <line num="57" count="1" type="stmt"/>
        <line num="58" count="12" type="stmt"/>
        <line num="59" count="12" type="stmt"/>
        <line num="64" count="0" type="cond" truecount="0" falsecount="3"/>
        <line num="65" count="0" type="stmt"/>
        <line num="69" count="0" type="cond" truecount="0" falsecount="3"/>
        <line num="70" count="0" type="stmt"/>
        <line num="74" count="12" type="stmt"/>
        <line num="81" count="1" type="stmt"/>
        <line num="85" count="6" type="stmt"/>
        <line num="86" count="6" type="stmt"/>
        <line num="89" count="1" type="stmt"/>
        <line num="103" count="1" type="stmt"/>
        <line num="117" count="1" type="stmt"/>
        <line num="124" count="1" type="stmt"/>
        <line num="133" count="1" type="stmt"/>
        <line num="145" count="1" type="stmt"/>
      </file>
    </package>
    <package name="components.Snackbar">
      <metrics statements="41" coveredstatements="39" conditionals="8" coveredconditionals="7" methods="10" coveredmethods="9"/>
      <file name="Snackbar.tsx" path="/Users/ducanhpham/Desktop/vnoc/zeevision/frontend/src/components/Snackbar/Snackbar.tsx">
        <metrics statements="41" coveredstatements="39" conditionals="8" coveredconditionals="7" methods="10" coveredmethods="9"/>
        <line num="1" count="1" type="stmt"/>
        <line num="2" count="1" type="stmt"/>
        <line num="3" count="1" type="stmt"/>
        <line num="4" count="1" type="stmt"/>
        <line num="5" count="1" type="stmt"/>
        <line num="6" count="1" type="stmt"/>
        <line num="7" count="1" type="stmt"/>
        <line num="8" count="1" type="stmt"/>
        <line num="9" count="1" type="stmt"/>
        <line num="53" count="1" type="stmt"/>
        <line num="54" count="12" type="stmt"/>
        <line num="55" count="12" type="stmt"/>
        <line num="56" count="12" type="stmt"/>
        <line num="57" count="12" type="stmt"/>
        <line num="58" count="12" type="stmt"/>
        <line num="60" count="12" type="stmt"/>
        <line num="61" count="1" type="cond" truecount="0" falsecount="1"/>
        <line num="62" count="0" type="stmt"/>
        <line num="64" count="1" type="stmt"/>
        <line num="67" count="12" type="stmt"/>
        <line num="68" count="6" type="stmt"/>
        <line num="71" count="12" type="stmt"/>
        <line num="72" count="0" type="stmt"/>
        <line num="75" count="12" type="stmt"/>
        <line num="76" count="12" type="cond" truecount="1" falsecount="0"/>
        <line num="77" count="12" type="cond" truecount="1" falsecount="0"/>
        <line num="78" count="6" type="stmt"/>
        <line num="80" count="12" type="stmt"/>
        <line num="81" count="1" type="stmt"/>
        <line num="85" count="12" type="stmt"/>
        <line num="86" count="12" type="cond" truecount="1" falsecount="0"/>
        <line num="87" count="12" type="stmt"/>
        <line num="92" count="12" type="stmt"/>
        <line num="108" count="13" type="stmt"/>
        <line num="122" count="1" type="stmt"/>
        <line num="130" count="13" type="stmt"/>
        <line num="177" count="1" type="stmt"/>
        <line num="190" count="1" type="stmt"/>
        <line num="200" count="1" type="stmt"/>
        <line num="201" count="13" type="stmt"/>
        <line num="235" count="1" type="stmt"/>
      </file>
    </package>
    <package name="components.Table">
      <metrics statements="51" coveredstatements="45" conditionals="26" coveredconditionals="13" methods="17" coveredmethods="13"/>
      <file name="HorizontalTable.tsx" path="/Users/ducanhpham/Desktop/vnoc/zeevision/frontend/src/components/Table/HorizontalTable.tsx">
        <metrics statements="37" coveredstatements="31" conditionals="20" coveredconditionals="8" methods="13" coveredmethods="9"/>
        <line num="1" count="1" type="stmt"/>
        <line num="2" count="1" type="stmt"/>
        <line num="3" count="1" type="stmt"/>
        <line num="13" count="1" type="stmt"/>
        <line num="14" count="6" type="stmt"/>
        <line num="15" count="6" type="stmt"/>
        <line num="16" count="6" type="stmt"/>
        <line num="17" count="6" type="stmt"/>
        <line num="19" count="6" type="stmt"/>
        <line num="21" count="6" type="stmt"/>
        <line num="27" count="3" type="stmt"/>
        <line num="29" count="10" type="cond" truecount="1" falsecount="1"/>
        <line num="30" count="10" type="cond" truecount="1" falsecount="1"/>
        <line num="35" count="6" type="stmt"/>
        <line num="37" count="3" type="stmt"/>
        <line num="38" count="3" type="stmt"/>
        <line num="41" count="6" type="stmt"/>
        <line num="43" count="0" type="cond" truecount="0" falsecount="4"/>
        <line num="44" count="0" type="stmt"/>
        <line num="45" count="0" type="stmt"/>
        <line num="50" count="6" type="cond" truecount="1" falsecount="1"/>
        <line num="52" count="6" type="stmt"/>
        <line num="56" count="0" type="stmt"/>
        <line num="59" count="6" type="stmt"/>
        <line num="62" count="0" type="stmt"/>
        <line num="63" count="0" type="stmt"/>
        <line num="65" count="6" type="stmt"/>
        <line num="70" count="36" type="stmt"/>
        <line num="87" count="24" type="stmt"/>
        <line num="89" count="144" type="stmt"/>
        <line num="107" count="36" type="stmt"/>
        <line num="133" count="96" type="stmt"/>
        <line num="134" count="96" type="stmt"/>
        <line num="136" count="84" type="stmt"/>
        <line num="138" count="12" type="stmt"/>
        <line num="141" count="1" type="stmt"/>
        <line num="146" count="1" type="stmt"/>
      </file>
      <file name="Table.tsx" path="/Users/ducanhpham/Desktop/vnoc/zeevision/frontend/src/components/Table/Table.tsx">
        <metrics statements="7" coveredstatements="7" conditionals="3" coveredconditionals="3" methods="1" coveredmethods="1"/>
        <line num="1" count="1" type="stmt"/>
        <line num="2" count="1" type="stmt"/>
        <line num="3" count="1" type="stmt"/>
        <line num="23" count="1" type="stmt"/>
        <line num="24" count="5" type="cond" truecount="1" falsecount="0"/>
        <line num="25" count="4" type="stmt"/>
        <line num="36" count="1" type="stmt"/>
      </file>
      <file name="VerticalTable.tsx" path="/Users/ducanhpham/Desktop/vnoc/zeevision/frontend/src/components/Table/VerticalTable.tsx">
        <metrics statements="6" coveredstatements="6" conditionals="3" coveredconditionals="2" methods="2" coveredmethods="2"/>
        <line num="1" count="1" type="stmt"/>
        <line num="8" count="1" type="stmt"/>
        <line num="9" count="1" type="cond" truecount="2" falsecount="1"/>
        <line num="10" count="1" type="stmt"/>
        <line num="13" count="7" type="stmt"/>
        <line num="22" count="1" type="stmt"/>
      </file>
      <file name="index.ts" path="/Users/ducanhpham/Desktop/vnoc/zeevision/frontend/src/components/Table/index.ts">
        <metrics statements="1" coveredstatements="1" conditionals="0" coveredconditionals="0" methods="1" coveredmethods="1"/>
        <line num="1" count="6" type="stmt"/>
      </file>
    </package>
    <package name="theme">
      <metrics statements="1" coveredstatements="1" conditionals="0" coveredconditionals="0" methods="0" coveredmethods="0"/>
      <file name="palette.ts" path="/Users/ducanhpham/Desktop/vnoc/zeevision/frontend/src/theme/palette.ts">
        <metrics statements="1" coveredstatements="1" conditionals="0" coveredconditionals="0" methods="0" coveredmethods="0"/>
        <line num="1" count="3" type="stmt"/>
      </file>
    </package>
  </project>
</coverage>
