{
  "/Users/ducanhpham/Desktop/vnoc/zeevision/frontend/src/components/Button/Button.tsx": {
    "path": "/Users/ducanhpham/Desktop/vnoc/zeevision/frontend/src/components/Button/Button.tsx",
    "statementMap": {
      "0": {
        "start": { "line": 1, "column": 0 },
        "end": { "line": 1, "column": null }
      },
      "1": {
        "start": { "line": 6, "column": 0 },
        "end": { "line": 6, "column": 37 }
      },
      "2": {
        "start": { "line": 7, "column": 0 },
        "end": { "line": 7, "column": 46 }
      },
      "3": {
        "start": { "line": 50, "column": 2 },
        "end": { "line": 54, "column": 4 }
      },
      "4": {
        "start": { "line": 43, "column": 0 },
        "end": { "line": 43, "column": 16 }
      },
      "5": {
        "start": { "line": 57, "column": 21 },
        "end": { "line": 100, "column": null }
      },
      "6": {
        "start": { "line": 58, "column": 32 },
        "end": { "line": 58, "column": 75 }
      },
      "7": {
        "start": { "line": 60, "column": 64 },
        "end": { "line": 100, "column": null }
      }
    },
    "fnMap": {
      "0": {
        "name": "Button",
        "decl": {
          "start": { "line": 43, "column": 16 },
          "end": { "line": 43, "column": 22 }
        },
        "loc": {
          "start": { "line": 49, "column": 14 },
          "end": { "line": 55, "column": 1 }
        }
      },
      "1": {
        "name": "(anonymous_1)",
        "decl": {
          "start": { "line": 58, "column": 21 },
          "end": { "line": 58, "column": 22 }
        },
        "loc": {
          "start": { "line": 58, "column": 32 },
          "end": { "line": 58, "column": 75 }
        }
      },
      "2": {
        "name": "(anonymous_2)",
        "decl": {
          "start": { "line": 60, "column": 2 },
          "end": { "line": 60, "column": 3 }
        },
        "loc": {
          "start": { "line": 60, "column": 64 },
          "end": { "line": 100, "column": null }
        }
      }
    },
    "branchMap": {
      "0": {
        "loc": {
          "start": { "line": 44, "column": 2 },
          "end": { "line": 44, "column": 22 }
        },
        "type": "default-arg",
        "locations": [
          {
            "start": { "line": 44, "column": 12 },
            "end": { "line": 44, "column": 22 }
          }
        ]
      },
      "1": {
        "loc": {
          "start": { "line": 45, "column": 2 },
          "end": { "line": 45, "column": 19 }
        },
        "type": "default-arg",
        "locations": [
          {
            "start": { "line": 45, "column": 9 },
            "end": { "line": 45, "column": 19 }
          }
        ]
      },
      "2": {
        "loc": {
          "start": { "line": 52, "column": 7 },
          "end": { "line": 52, "column": 24 }
        },
        "type": "binary-expr",
        "locations": [
          {
            "start": { "line": 52, "column": 7 },
            "end": { "line": 52, "column": 12 }
          },
          {
            "start": { "line": 52, "column": 16 },
            "end": { "line": 52, "column": 24 }
          }
        ]
      },
      "3": {
        "loc": {
          "start": { "line": 58, "column": 32 },
          "end": { "line": 58, "column": 75 }
        },
        "type": "binary-expr",
        "locations": [
          {
            "start": { "line": 58, "column": 32 },
            "end": { "line": 58, "column": 53 }
          },
          {
            "start": { "line": 58, "column": 57 },
            "end": { "line": 58, "column": 75 }
          }
        ]
      },
      "4": {
        "loc": {
          "start": { "line": 65, "column": 11 },
          "end": { "line": 65, "column": 61 }
        },
        "type": "cond-expr",
        "locations": [
          {
            "start": { "line": 65, "column": 23 },
            "end": { "line": 65, "column": 29 }
          },
          {
            "start": { "line": 65, "column": 32 },
            "end": { "line": 65, "column": 61 }
          }
        ]
      },
      "5": {
        "loc": {
          "start": { "line": 65, "column": 32 },
          "end": { "line": 65, "column": 61 }
        },
        "type": "cond-expr",
        "locations": [
          {
            "start": { "line": 65, "column": 40 },
            "end": { "line": 65, "column": 52 }
          },
          {
            "start": { "line": 65, "column": 55 },
            "end": { "line": 65, "column": 61 }
          }
        ]
      },
      "6": {
        "loc": {
          "start": { "line": 67, "column": 22 },
          "end": { "line": 67, "column": 70 }
        },
        "type": "cond-expr",
        "locations": [
          {
            "start": { "line": 67, "column": 48 },
            "end": { "line": 67, "column": 60 }
          },
          {
            "start": { "line": 67, "column": 63 },
            "end": { "line": 67, "column": 70 }
          }
        ]
      },
      "7": {
        "loc": {
          "start": { "line": 69, "column": 4 },
          "end": { "line": 69, "column": null }
        },
        "type": "cond-expr",
        "locations": [
          {
            "start": { "line": 69, "column": 23 },
            "end": { "line": 69, "column": 34 }
          },
          {
            "start": { "line": 69, "column": 37 },
            "end": { "line": 69, "column": null }
          }
        ]
      },
      "8": {
        "loc": {
          "start": { "line": 69, "column": 37 },
          "end": { "line": 69, "column": null }
        },
        "type": "cond-expr",
        "locations": [
          {
            "start": { "line": 69, "column": 56 },
            "end": { "line": 69, "column": 66 }
          },
          {
            "start": { "line": 69, "column": 69 },
            "end": { "line": 69, "column": null }
          }
        ]
      },
      "9": {
        "loc": {
          "start": { "line": 81, "column": 6 },
          "end": { "line": 81, "column": null }
        },
        "type": "cond-expr",
        "locations": [
          {
            "start": { "line": 81, "column": 15 },
            "end": { "line": 81, "column": 20 }
          },
          {
            "start": { "line": 81, "column": 23 },
            "end": { "line": 81, "column": null }
          }
        ]
      },
      "10": {
        "loc": {
          "start": { "line": 87, "column": 13 },
          "end": { "line": 87, "column": 74 }
        },
        "type": "cond-expr",
        "locations": [
          {
            "start": { "line": 87, "column": 38 },
            "end": { "line": 87, "column": 65 }
          },
          {
            "start": { "line": 87, "column": 68 },
            "end": { "line": 87, "column": 74 }
          }
        ]
      },
      "11": {
        "loc": {
          "start": { "line": 88, "column": 11 },
          "end": { "line": 88, "column": 59 }
        },
        "type": "cond-expr",
        "locations": [
          {
            "start": { "line": 88, "column": 37 },
            "end": { "line": 88, "column": 44 }
          },
          {
            "start": { "line": 88, "column": 47 },
            "end": { "line": 88, "column": 59 }
          }
        ]
      },
      "12": {
        "loc": {
          "start": { "line": 94, "column": 24 },
          "end": { "line": 94, "column": 76 }
        },
        "type": "cond-expr",
        "locations": [
          {
            "start": { "line": 94, "column": 50 },
            "end": { "line": 94, "column": 62 }
          },
          {
            "start": { "line": 94, "column": 65 },
            "end": { "line": 94, "column": 76 }
          }
        ]
      },
      "13": {
        "loc": {
          "start": { "line": 98, "column": 24 },
          "end": { "line": 98, "column": 77 }
        },
        "type": "cond-expr",
        "locations": [
          {
            "start": { "line": 98, "column": 50 },
            "end": { "line": 98, "column": 62 }
          },
          {
            "start": { "line": 98, "column": 65 },
            "end": { "line": 98, "column": 77 }
          }
        ]
      }
    },
    "s": { "0": 2, "1": 2, "2": 2, "3": 14, "4": 2, "5": 2, "6": 67, "7": 14 },
    "f": { "0": 14, "1": 67, "2": 14 },
    "b": {
      "0": [8],
      "1": [14],
      "2": [14, 8],
      "3": [67, 66],
      "4": [1, 13],
      "5": [1, 12],
      "6": [0, 14],
      "7": [0, 14],
      "8": [0, 14],
      "9": [0, 14],
      "10": [8, 6],
      "11": [0, 14],
      "12": [0, 14],
      "13": [0, 14]
    }
  },
  "/Users/ducanhpham/Desktop/vnoc/zeevision/frontend/src/components/Button/index.ts": {
    "path": "/Users/ducanhpham/Desktop/vnoc/zeevision/frontend/src/components/Button/index.ts",
    "statementMap": {
      "0": {
        "start": { "line": 1, "column": 0 },
        "end": { "line": 1, "column": 9 }
      },
      "1": {
        "start": { "line": 1, "column": 9 },
        "end": { "line": 1, "column": 34 }
      }
    },
    "fnMap": {
      "0": {
        "name": "(anonymous_0)",
        "decl": {
          "start": { "line": 1, "column": 9 },
          "end": { "line": 1, "column": 15 }
        },
        "loc": {
          "start": { "line": 1, "column": 9 },
          "end": { "line": 1, "column": 34 }
        }
      }
    },
    "branchMap": {},
    "s": { "0": 2, "1": 17 },
    "f": { "0": 15 },
    "b": {}
  },
  "/Users/ducanhpham/Desktop/vnoc/zeevision/frontend/src/components/Popup/Popup.tsx": {
    "path": "/Users/ducanhpham/Desktop/vnoc/zeevision/frontend/src/components/Popup/Popup.tsx",
    "statementMap": {
      "0": {
        "start": { "line": 1, "column": 0 },
        "end": { "line": 1, "column": 46 }
      },
      "1": {
        "start": { "line": 2, "column": 0 },
        "end": { "line": 2, "column": 50 }
      },
      "2": {
        "start": { "line": 3, "column": 0 },
        "end": { "line": 3, "column": 37 }
      },
      "3": {
        "start": { "line": 4, "column": 0 },
        "end": { "line": 4, "column": 56 }
      },
      "4": {
        "start": { "line": 5, "column": 0 },
        "end": { "line": 5, "column": 61 }
      },
      "5": {
        "start": { "line": 6, "column": 0 },
        "end": { "line": 6, "column": 35 }
      },
      "6": {
        "start": { "line": 26, "column": 2 },
        "end": { "line": 46, "column": 4 }
      },
      "7": {
        "start": { "line": 25, "column": 0 },
        "end": { "line": 25, "column": 16 }
      },
      "8": {
        "start": { "line": 57, "column": 13 },
        "end": { "line": 79, "column": 2 }
      },
      "9": {
        "start": { "line": 58, "column": 62 },
        "end": { "line": 58, "column": 67 }
      },
      "10": {
        "start": { "line": 59, "column": 16 },
        "end": { "line": 73, "column": 4 }
      },
      "11": {
        "start": { "line": 64, "column": 6 },
        "end": { "line": 66, "column": null }
      },
      "12": {
        "start": { "line": 65, "column": 8 },
        "end": { "line": 65, "column": 54 }
      },
      "13": {
        "start": { "line": 69, "column": 6 },
        "end": { "line": 71, "column": null }
      },
      "14": {
        "start": { "line": 70, "column": 8 },
        "end": { "line": 70, "column": 55 }
      },
      "15": {
        "start": { "line": 74, "column": 2 },
        "end": { "line": 78, "column": 4 }
      },
      "16": {
        "start": { "line": 81, "column": 17 },
        "end": { "line": 87, "column": 2 }
      },
      "17": {
        "start": { "line": 85, "column": 29 },
        "end": { "line": 85, "column": 34 }
      },
      "18": {
        "start": { "line": 86, "column": 2 },
        "end": { "line": 86, "column": 49 }
      },
      "19": {
        "start": { "line": 89, "column": 13 },
        "end": { "line": 101, "column": 2 }
      },
      "20": {
        "start": { "line": 103, "column": 13 },
        "end": { "line": 115, "column": 2 }
      },
      "21": {
        "start": { "line": 117, "column": 13 },
        "end": { "line": 122, "column": 2 }
      },
      "22": {
        "start": { "line": 124, "column": 13 },
        "end": { "line": 130, "column": 2 }
      },
      "23": {
        "start": { "line": 133, "column": 13 },
        "end": { "line": 143, "column": 2 }
      },
      "24": {
        "start": { "line": 145, "column": 13 },
        "end": { "line": 152, "column": 2 }
      }
    },
    "fnMap": {
      "0": {
        "name": "Popup",
        "decl": {
          "start": { "line": 25, "column": 16 },
          "end": { "line": 25, "column": 21 }
        },
        "loc": {
          "start": { "line": 25, "column": 63 },
          "end": { "line": 47, "column": 1 }
        }
      },
      "1": {
        "name": "Fade",
        "decl": {
          "start": { "line": 57, "column": 60 },
          "end": { "line": 57, "column": 64 }
        },
        "loc": {
          "start": { "line": 57, "column": 75 },
          "end": { "line": 79, "column": 1 }
        }
      },
      "2": {
        "name": "(anonymous_2)",
        "decl": {
          "start": { "line": 63, "column": 13 },
          "end": { "line": 63, "column": 16 }
        },
        "loc": {
          "start": { "line": 63, "column": 18 },
          "end": { "line": 67, "column": 5 }
        }
      },
      "3": {
        "name": "(anonymous_3)",
        "decl": {
          "start": { "line": 68, "column": 12 },
          "end": { "line": 68, "column": 15 }
        },
        "loc": {
          "start": { "line": 68, "column": 17 },
          "end": { "line": 72, "column": 5 }
        }
      },
      "4": {
        "name": "(anonymous_4)",
        "decl": {
          "start": { "line": 84, "column": 2 },
          "end": { "line": 84, "column": 3 }
        },
        "loc": {
          "start": { "line": 84, "column": 17 },
          "end": { "line": 87, "column": 1 }
        }
      }
    },
    "branchMap": {
      "0": {
        "loc": {
          "start": { "line": 61, "column": 19 },
          "end": { "line": 61, "column": 31 }
        },
        "type": "cond-expr",
        "locations": [
          {
            "start": { "line": 61, "column": 26 },
            "end": { "line": 61, "column": 27 }
          },
          {
            "start": { "line": 61, "column": 30 },
            "end": { "line": 61, "column": 31 }
          }
        ]
      },
      "1": {
        "loc": {
          "start": { "line": 64, "column": 6 },
          "end": { "line": 66, "column": null }
        },
        "type": "if",
        "locations": [
          {
            "start": { "line": 64, "column": 6 },
            "end": { "line": 66, "column": null }
          }
        ]
      },
      "2": {
        "loc": {
          "start": { "line": 64, "column": 10 },
          "end": { "line": 64, "column": 25 }
        },
        "type": "binary-expr",
        "locations": [
          {
            "start": { "line": 64, "column": 10 },
            "end": { "line": 64, "column": 14 }
          },
          {
            "start": { "line": 64, "column": 18 },
            "end": { "line": 64, "column": 25 }
          }
        ]
      },
      "3": {
        "loc": {
          "start": { "line": 69, "column": 6 },
          "end": { "line": 71, "column": null }
        },
        "type": "if",
        "locations": [
          {
            "start": { "line": 69, "column": 6 },
            "end": { "line": 71, "column": null }
          }
        ]
      },
      "4": {
        "loc": {
          "start": { "line": 69, "column": 10 },
          "end": { "line": 69, "column": 27 }
        },
        "type": "binary-expr",
        "locations": [
          {
            "start": { "line": 69, "column": 10 },
            "end": { "line": 69, "column": 15 }
          },
          {
            "start": { "line": 69, "column": 19 },
            "end": { "line": 69, "column": 27 }
          }
        ]
      }
    },
    "s": {
      "0": 1,
      "1": 1,
      "2": 1,
      "3": 1,
      "4": 1,
      "5": 1,
      "6": 7,
      "7": 1,
      "8": 1,
      "9": 12,
      "10": 12,
      "11": 0,
      "12": 0,
      "13": 0,
      "14": 0,
      "15": 12,
      "16": 1,
      "17": 6,
      "18": 6,
      "19": 1,
      "20": 1,
      "21": 1,
      "22": 1,
      "23": 1,
      "24": 1
    },
    "f": { "0": 7, "1": 12, "2": 0, "3": 0, "4": 6 },
    "b": { "0": [12, 0], "1": [0], "2": [0, 0], "3": [0], "4": [0, 0] }
  },
  "/Users/ducanhpham/Desktop/vnoc/zeevision/frontend/src/components/Snackbar/Snackbar.tsx": {
    "path": "/Users/ducanhpham/Desktop/vnoc/zeevision/frontend/src/components/Snackbar/Snackbar.tsx",
    "statementMap": {
      "0": {
        "start": { "line": 1, "column": 0 },
        "end": { "line": 1, "column": 31 }
      },
      "1": {
        "start": { "line": 2, "column": 0 },
        "end": { "line": 2, "column": 52 }
      },
      "2": {
        "start": { "line": 3, "column": 0 },
        "end": { "line": 3, "column": 37 }
      },
      "3": {
        "start": { "line": 4, "column": 0 },
        "end": { "line": 4, "column": 64 }
      },
      "4": {
        "start": { "line": 5, "column": 0 },
        "end": { "line": 5, "column": 50 }
      },
      "5": {
        "start": { "line": 6, "column": 0 },
        "end": { "line": 6, "column": 50 }
      },
      "6": {
        "start": { "line": 7, "column": 0 },
        "end": { "line": 7, "column": 61 }
      },
      "7": {
        "start": { "line": 8, "column": 0 },
        "end": { "line": 8, "column": 46 }
      },
      "8": {
        "start": { "line": 9, "column": 0 },
        "end": { "line": 9, "column": 73 }
      },
      "9": {
        "start": { "line": 54, "column": 45 },
        "end": { "line": 54, "column": 57 }
      },
      "10": {
        "start": { "line": 55, "column": 41 },
        "end": { "line": 55, "column": 56 }
      },
      "11": {
        "start": { "line": 56, "column": 30 },
        "end": { "line": 56, "column": 50 }
      },
      "12": {
        "start": { "line": 57, "column": 20 },
        "end": { "line": 57, "column": 54 }
      },
      "13": {
        "start": { "line": 58, "column": 18 },
        "end": { "line": 58, "column": 36 }
      },
      "14": {
        "start": { "line": 60, "column": 22 },
        "end": { "line": 65, "column": 3 }
      },
      "15": {
        "start": { "line": 61, "column": 4 },
        "end": { "line": 63, "column": null }
      },
      "16": {
        "start": { "line": 62, "column": 6 },
        "end": { "line": 62, "column": 13 }
      },
      "17": {
        "start": { "line": 64, "column": 4 },
        "end": { "line": 64, "column": 20 }
      },
      "18": {
        "start": { "line": 67, "column": 24 },
        "end": { "line": 69, "column": 3 }
      },
      "19": {
        "start": { "line": 68, "column": 4 },
        "end": { "line": 68, "column": 21 }
      },
      "20": {
        "start": { "line": 71, "column": 25 },
        "end": { "line": 73, "column": 3 }
      },
      "21": {
        "start": { "line": 72, "column": 4 },
        "end": { "line": 72, "column": 20 }
      },
      "22": {
        "start": { "line": 75, "column": 2 },
        "end": { "line": 90, "column": 45 }
      },
      "23": {
        "start": { "line": 76, "column": 4 },
        "end": { "line": 83, "column": null }
      },
      "24": {
        "start": { "line": 77, "column": 6 },
        "end": { "line": 79, "column": null }
      },
      "25": {
        "start": { "line": 78, "column": 8 },
        "end": { "line": 78, "column": 40 }
      },
      "26": {
        "start": { "line": 80, "column": 6 },
        "end": { "line": 82, "column": 36 }
      },
      "27": {
        "start": { "line": 81, "column": 8 },
        "end": { "line": 81, "column": 24 }
      },
      "28": {
        "start": { "line": 85, "column": 4 },
        "end": { "line": 89, "column": 6 }
      },
      "29": {
        "start": { "line": 86, "column": 6 },
        "end": { "line": 88, "column": null }
      },
      "30": {
        "start": { "line": 87, "column": 8 },
        "end": { "line": 87, "column": 40 }
      },
      "31": {
        "start": { "line": 92, "column": 2 },
        "end": { "line": 119, "column": 4 }
      },
      "32": {
        "start": { "line": 108, "column": 10 },
        "end": { "line": 114, "column": null }
      },
      "33": {
        "start": { "line": 53, "column": 0 },
        "end": { "line": 53, "column": 16 }
      },
      "34": {
        "start": { "line": 130, "column": 2 },
        "end": { "line": 174, "column": 4 }
      },
      "35": {
        "start": { "line": 122, "column": 0 },
        "end": { "line": 122, "column": 16 }
      },
      "36": {
        "start": { "line": 177, "column": 13 },
        "end": { "line": 188, "column": 2 }
      },
      "37": {
        "start": { "line": 190, "column": 23 },
        "end": { "line": 198, "column": 2 }
      },
      "38": {
        "start": { "line": 200, "column": 30 },
        "end": { "line": 232, "column": null }
      },
      "39": {
        "start": { "line": 201, "column": 52 },
        "end": { "line": 232, "column": null }
      },
      "40": {
        "start": { "line": 235, "column": 26 },
        "end": { "line": 241, "column": 2 }
      }
    },
    "fnMap": {
      "0": {
        "name": "Snackbar",
        "decl": {
          "start": { "line": 53, "column": 16 },
          "end": { "line": 53, "column": 24 }
        },
        "loc": {
          "start": { "line": 53, "column": 24 },
          "end": { "line": 120, "column": 1 }
        }
      },
      "1": {
        "name": "(anonymous_1)",
        "decl": {
          "start": { "line": 60, "column": 22 },
          "end": { "line": 60, "column": 23 }
        },
        "loc": {
          "start": { "line": 60, "column": 71 },
          "end": { "line": 65, "column": 3 }
        }
      },
      "2": {
        "name": "(anonymous_2)",
        "decl": {
          "start": { "line": 67, "column": 24 },
          "end": { "line": 67, "column": 27 }
        },
        "loc": {
          "start": { "line": 67, "column": 29 },
          "end": { "line": 69, "column": 3 }
        }
      },
      "3": {
        "name": "(anonymous_3)",
        "decl": {
          "start": { "line": 71, "column": 25 },
          "end": { "line": 71, "column": 28 }
        },
        "loc": {
          "start": { "line": 71, "column": 30 },
          "end": { "line": 73, "column": 3 }
        }
      },
      "4": {
        "name": "(anonymous_4)",
        "decl": {
          "start": { "line": 75, "column": 18 },
          "end": { "line": 75, "column": 21 }
        },
        "loc": {
          "start": { "line": 75, "column": 23 },
          "end": { "line": 90, "column": 3 }
        }
      },
      "5": {
        "name": "(anonymous_5)",
        "decl": {
          "start": { "line": 80, "column": 37 },
          "end": { "line": 80, "column": 40 }
        },
        "loc": {
          "start": { "line": 80, "column": 42 },
          "end": { "line": 82, "column": 7 }
        }
      },
      "6": {
        "name": "(anonymous_6)",
        "decl": {
          "start": { "line": 85, "column": 11 },
          "end": { "line": 85, "column": 14 }
        },
        "loc": {
          "start": { "line": 85, "column": 16 },
          "end": { "line": 89, "column": 5 }
        }
      },
      "7": {
        "name": "(anonymous_7)",
        "decl": {
          "start": { "line": 107, "column": 9 },
          "end": { "line": 107, "column": 10 }
        },
        "loc": {
          "start": { "line": 108, "column": 10 },
          "end": { "line": 114, "column": null }
        }
      },
      "8": {
        "name": "SnackbarContent",
        "decl": {
          "start": { "line": 122, "column": 16 },
          "end": { "line": 122, "column": 31 }
        },
        "loc": {
          "start": { "line": 129, "column": 23 },
          "end": { "line": 175, "column": 1 }
        }
      },
      "9": {
        "name": "(anonymous_9)",
        "decl": {
          "start": { "line": 201, "column": 2 },
          "end": { "line": 201, "column": 3 }
        },
        "loc": {
          "start": { "line": 201, "column": 52 },
          "end": { "line": 232, "column": null }
        }
      }
    },
    "branchMap": {
      "0": {
        "loc": {
          "start": { "line": 61, "column": 4 },
          "end": { "line": 63, "column": null }
        },
        "type": "if",
        "locations": [
          {
            "start": { "line": 61, "column": 4 },
            "end": { "line": 63, "column": null }
          }
        ]
      },
      "1": {
        "loc": {
          "start": { "line": 76, "column": 4 },
          "end": { "line": 83, "column": null }
        },
        "type": "if",
        "locations": [
          {
            "start": { "line": 76, "column": 4 },
            "end": { "line": 83, "column": null }
          }
        ]
      },
      "2": {
        "loc": {
          "start": { "line": 77, "column": 6 },
          "end": { "line": 79, "column": null }
        },
        "type": "if",
        "locations": [
          {
            "start": { "line": 77, "column": 6 },
            "end": { "line": 79, "column": null }
          }
        ]
      },
      "3": {
        "loc": {
          "start": { "line": 86, "column": 6 },
          "end": { "line": 88, "column": null }
        },
        "type": "if",
        "locations": [
          {
            "start": { "line": 86, "column": 6 },
            "end": { "line": 88, "column": null }
          }
        ]
      },
      "4": {
        "loc": {
          "start": { "line": 140, "column": 7 },
          "end": { "line": 159, "column": null }
        },
        "type": "cond-expr",
        "locations": [
          {
            "start": { "line": 141, "column": 8 },
            "end": { "line": 148, "column": null }
          },
          {
            "start": { "line": 151, "column": 8 },
            "end": { "line": 158, "column": null }
          }
        ]
      },
      "5": {
        "loc": {
          "start": { "line": 207, "column": 22 },
          "end": { "line": 207, "column": 61 }
        },
        "type": "cond-expr",
        "locations": [
          {
            "start": { "line": 207, "column": 41 },
            "end": { "line": 207, "column": 46 }
          },
          {
            "start": { "line": 207, "column": 49 },
            "end": { "line": 207, "column": 61 }
          }
        ]
      }
    },
    "s": {
      "0": 1,
      "1": 1,
      "2": 1,
      "3": 1,
      "4": 1,
      "5": 1,
      "6": 1,
      "7": 1,
      "8": 1,
      "9": 12,
      "10": 12,
      "11": 12,
      "12": 12,
      "13": 12,
      "14": 12,
      "15": 1,
      "16": 0,
      "17": 1,
      "18": 12,
      "19": 6,
      "20": 12,
      "21": 0,
      "22": 12,
      "23": 12,
      "24": 12,
      "25": 6,
      "26": 12,
      "27": 1,
      "28": 12,
      "29": 12,
      "30": 12,
      "31": 12,
      "32": 13,
      "33": 1,
      "34": 13,
      "35": 1,
      "36": 1,
      "37": 1,
      "38": 1,
      "39": 13,
      "40": 1
    },
    "f": {
      "0": 12,
      "1": 1,
      "2": 6,
      "3": 0,
      "4": 12,
      "5": 1,
      "6": 12,
      "7": 13,
      "8": 13,
      "9": 13
    },
    "b": {
      "0": [0],
      "1": [12],
      "2": [6],
      "3": [12],
      "4": [11, 2],
      "5": [2, 11]
    }
  },
  "/Users/ducanhpham/Desktop/vnoc/zeevision/frontend/src/components/Table/HorizontalTable.tsx": {
    "path": "/Users/ducanhpham/Desktop/vnoc/zeevision/frontend/src/components/Table/HorizontalTable.tsx",
    "statementMap": {
      "0": {
        "start": { "line": 1, "column": 0 },
        "end": { "line": 1, "column": 31 }
      },
      "1": {
        "start": { "line": 2, "column": 0 },
        "end": { "line": 2, "column": 37 }
      },
      "2": {
        "start": { "line": 3, "column": 0 },
        "end": { "line": 3, "column": null }
      },
      "3": {
        "start": { "line": 14, "column": 26 },
        "end": { "line": 14, "column": 43 }
      },
      "4": {
        "start": { "line": 15, "column": 40 },
        "end": { "line": 15, "column": 58 }
      },
      "5": {
        "start": { "line": 16, "column": 30 },
        "end": { "line": 16, "column": 48 }
      },
      "6": {
        "start": { "line": 17, "column": 36 },
        "end": { "line": 17, "column": 57 }
      },
      "7": {
        "start": { "line": 19, "column": 4 },
        "end": { "line": 19, "column": 50 }
      },
      "8": {
        "start": { "line": 21, "column": 22 },
        "end": { "line": 33, "column": null }
      },
      "9": {
        "start": { "line": 27, "column": 6 },
        "end": { "line": 31, "column": 9 }
      },
      "10": {
        "start": { "line": 29, "column": 10 },
        "end": { "line": 29, "column": 72 }
      },
      "11": {
        "start": { "line": 30, "column": 8 },
        "end": { "line": 30, "column": 63 }
      },
      "12": {
        "start": { "line": 35, "column": 2 },
        "end": { "line": 39, "column": 48 }
      },
      "13": {
        "start": { "line": 37, "column": 23 },
        "end": { "line": 37, "column": 62 }
      },
      "14": {
        "start": { "line": 38, "column": 4 },
        "end": { "line": 38, "column": 33 }
      },
      "15": {
        "start": { "line": 41, "column": 21 },
        "end": { "line": 46, "column": 3 }
      },
      "16": {
        "start": { "line": 43, "column": 6 },
        "end": { "line": 43, "column": 63 }
      },
      "17": {
        "start": { "line": 44, "column": 4 },
        "end": { "line": 44, "column": 22 }
      },
      "18": {
        "start": { "line": 45, "column": 4 },
        "end": { "line": 45, "column": 31 }
      },
      "19": {
        "start": { "line": 50, "column": 4 },
        "end": { "line": 50, "column": 73 }
      },
      "20": {
        "start": { "line": 52, "column": 27 },
        "end": { "line": 57, "column": 3 }
      },
      "21": {
        "start": { "line": 56, "column": 4 },
        "end": { "line": 56, "column": 21 }
      },
      "22": {
        "start": { "line": 59, "column": 34 },
        "end": { "line": 64, "column": 3 }
      },
      "23": {
        "start": { "line": 62, "column": 4 },
        "end": { "line": 62, "column": 53 }
      },
      "24": {
        "start": { "line": 63, "column": 4 },
        "end": { "line": 63, "column": 15 }
      },
      "25": {
        "start": { "line": 65, "column": 2 },
        "end": { "line": 129, "column": 4 }
      },
      "26": {
        "start": { "line": 70, "column": 12 },
        "end": { "line": 70, "column": 27 }
      },
      "27": {
        "start": { "line": 70, "column": 42 },
        "end": { "line": 70, "column": 58 }
      },
      "28": {
        "start": { "line": 87, "column": 10 },
        "end": { "line": 87, "column": null }
      },
      "29": {
        "start": { "line": 89, "column": 14 },
        "end": { "line": 89, "column": null }
      },
      "30": {
        "start": { "line": 107, "column": 57 },
        "end": { "line": 107, "column": 72 }
      },
      "31": {
        "start": { "line": 13, "column": 0 },
        "end": { "line": 13, "column": 16 }
      },
      "32": {
        "start": { "line": 133, "column": 2 },
        "end": { "line": 137, "column": null }
      },
      "33": {
        "start": { "line": 134, "column": 4 },
        "end": { "line": 134, "column": 20 }
      },
      "34": {
        "start": { "line": 136, "column": 4 },
        "end": { "line": 136, "column": 15 }
      },
      "35": {
        "start": { "line": 138, "column": 2 },
        "end": { "line": 138, "column": 50 }
      },
      "36": {
        "start": { "line": 141, "column": 21 },
        "end": { "line": 144, "column": 2 }
      },
      "37": {
        "start": { "line": 146, "column": 30 },
        "end": { "line": 179, "column": 2 }
      }
    },
    "fnMap": {
      "0": {
        "name": "HorizontalTable",
        "decl": {
          "start": { "line": 13, "column": 16 },
          "end": { "line": 13, "column": 31 }
        },
        "loc": {
          "start": { "line": 13, "column": 73 },
          "end": { "line": 130, "column": 1 }
        }
      },
      "1": {
        "name": "(anonymous_1)",
        "decl": {
          "start": { "line": 22, "column": 4 },
          "end": { "line": 22, "column": null }
        },
        "loc": {
          "start": { "line": 26, "column": 31 },
          "end": { "line": 32, "column": 5 }
        }
      },
      "2": {
        "name": "(anonymous_2)",
        "decl": {
          "start": { "line": 27, "column": 34 },
          "end": { "line": 27, "column": 35 }
        },
        "loc": {
          "start": { "line": 27, "column": 43 },
          "end": { "line": 31, "column": 7 }
        }
      },
      "3": {
        "name": "(anonymous_3)",
        "decl": {
          "start": { "line": 35, "column": 18 },
          "end": { "line": 35, "column": 21 }
        },
        "loc": {
          "start": { "line": 35, "column": 23 },
          "end": { "line": 39, "column": 3 }
        }
      },
      "4": {
        "name": "(anonymous_4)",
        "decl": {
          "start": { "line": 41, "column": 21 },
          "end": { "line": 41, "column": 22 }
        },
        "loc": {
          "start": { "line": 41, "column": 46 },
          "end": { "line": 46, "column": 3 }
        }
      },
      "5": {
        "name": "(anonymous_5)",
        "decl": {
          "start": { "line": 52, "column": 27 },
          "end": { "line": 52, "column": null }
        },
        "loc": {
          "start": { "line": 55, "column": 6 },
          "end": { "line": 57, "column": 3 }
        }
      },
      "6": {
        "name": "(anonymous_6)",
        "decl": {
          "start": { "line": 59, "column": 34 },
          "end": { "line": 59, "column": null }
        },
        "loc": {
          "start": { "line": 61, "column": 6 },
          "end": { "line": 64, "column": 3 }
        }
      },
      "7": {
        "name": "(anonymous_7)",
        "decl": {
          "start": { "line": 69, "column": 22 },
          "end": { "line": 69, "column": 23 }
        },
        "loc": {
          "start": { "line": 70, "column": 12 },
          "end": { "line": 70, "column": 27 }
        }
      },
      "8": {
        "name": "(anonymous_8)",
        "decl": {
          "start": { "line": 70, "column": 36 },
          "end": { "line": 70, "column": 39 }
        },
        "loc": {
          "start": { "line": 70, "column": 42 },
          "end": { "line": 70, "column": 58 }
        }
      },
      "9": {
        "name": "(anonymous_9)",
        "decl": {
          "start": { "line": 86, "column": 14 },
          "end": { "line": 86, "column": 15 }
        },
        "loc": {
          "start": { "line": 87, "column": 10 },
          "end": { "line": 87, "column": null }
        }
      },
      "10": {
        "name": "(anonymous_10)",
        "decl": {
          "start": { "line": 88, "column": 21 },
          "end": { "line": 88, "column": 22 }
        },
        "loc": {
          "start": { "line": 89, "column": 14 },
          "end": { "line": 89, "column": null }
        }
      },
      "11": {
        "name": "(anonymous_11)",
        "decl": {
          "start": { "line": 107, "column": 43 },
          "end": { "line": 107, "column": 44 }
        },
        "loc": {
          "start": { "line": 107, "column": 57 },
          "end": { "line": 107, "column": 72 }
        }
      },
      "12": {
        "name": "prettifyJson",
        "decl": {
          "start": { "line": 132, "column": 9 },
          "end": { "line": 132, "column": 21 }
        },
        "loc": {
          "start": { "line": 132, "column": 33 },
          "end": { "line": 139, "column": 1 }
        }
      }
    },
    "branchMap": {
      "0": {
        "loc": {
          "start": { "line": 29, "column": 10 },
          "end": { "line": 29, "column": 72 }
        },
        "type": "cond-expr",
        "locations": [
          {
            "start": { "line": 29, "column": 66 },
            "end": { "line": 29, "column": 67 }
          },
          {
            "start": { "line": 29, "column": 70 },
            "end": { "line": 29, "column": 72 }
          }
        ]
      },
      "1": {
        "loc": {
          "start": { "line": 30, "column": 15 },
          "end": { "line": 30, "column": 62 }
        },
        "type": "cond-expr",
        "locations": [
          {
            "start": { "line": 30, "column": 34 },
            "end": { "line": 30, "column": 49 }
          },
          {
            "start": { "line": 30, "column": 52 },
            "end": { "line": 30, "column": 62 }
          }
        ]
      },
      "2": {
        "loc": {
          "start": { "line": 43, "column": 6 },
          "end": { "line": 43, "column": 63 }
        },
        "type": "cond-expr",
        "locations": [
          {
            "start": { "line": 43, "column": 49 },
            "end": { "line": 43, "column": 55 }
          },
          {
            "start": { "line": 43, "column": 58 },
            "end": { "line": 43, "column": 63 }
          }
        ]
      },
      "3": {
        "loc": {
          "start": { "line": 43, "column": 6 },
          "end": { "line": 43, "column": 46 }
        },
        "type": "binary-expr",
        "locations": [
          {
            "start": { "line": 43, "column": 6 },
            "end": { "line": 43, "column": 23 }
          },
          {
            "start": { "line": 43, "column": 27 },
            "end": { "line": 43, "column": 46 }
          }
        ]
      },
      "4": {
        "loc": {
          "start": { "line": 50, "column": 4 },
          "end": { "line": 50, "column": 73 }
        },
        "type": "cond-expr",
        "locations": [
          {
            "start": { "line": 50, "column": 15 },
            "end": { "line": 50, "column": 69 }
          },
          {
            "start": { "line": 50, "column": 72 },
            "end": { "line": 50, "column": 73 }
          }
        ]
      },
      "5": {
        "loc": {
          "start": { "line": 72, "column": 15 },
          "end": { "line": 73, "column": null }
        },
        "type": "binary-expr",
        "locations": [
          {
            "start": { "line": 72, "column": 15 },
            "end": { "line": 72, "column": 30 }
          },
          {
            "start": { "line": 73, "column": 16 },
            "end": { "line": 73, "column": 64 }
          }
        ]
      },
      "6": {
        "loc": {
          "start": { "line": 73, "column": 23 },
          "end": { "line": 73, "column": 56 }
        },
        "type": "cond-expr",
        "locations": [
          {
            "start": { "line": 73, "column": 45 },
            "end": { "line": 73, "column": 49 }
          },
          {
            "start": { "line": 73, "column": 52 },
            "end": { "line": 73, "column": 56 }
          }
        ]
      },
      "7": {
        "loc": {
          "start": { "line": 80, "column": 10 },
          "end": { "line": 85, "column": 25 }
        },
        "type": "cond-expr",
        "locations": [
          {
            "start": { "line": 81, "column": 12 },
            "end": { "line": 83, "column": null }
          },
          {
            "start": { "line": 85, "column": 12 },
            "end": { "line": 85, "column": 25 }
          }
        ]
      },
      "8": {
        "loc": {
          "start": { "line": 91, "column": 19 },
          "end": { "line": 91, "column": 71 }
        },
        "type": "cond-expr",
        "locations": [
          {
            "start": { "line": 91, "column": 46 },
            "end": { "line": 91, "column": 64 }
          },
          {
            "start": { "line": 91, "column": 67 },
            "end": { "line": 91, "column": 71 }
          }
        ]
      },
      "9": {
        "loc": {
          "start": { "line": 97, "column": 9 },
          "end": { "line": 100, "column": null }
        },
        "type": "binary-expr",
        "locations": [
          {
            "start": { "line": 97, "column": 9 },
            "end": { "line": 97, "column": 22 }
          },
          {
            "start": { "line": 98, "column": 10 },
            "end": { "line": 99, "column": null }
          }
        ]
      }
    },
    "s": {
      "0": 1,
      "1": 1,
      "2": 1,
      "3": 6,
      "4": 6,
      "5": 6,
      "6": 6,
      "7": 6,
      "8": 6,
      "9": 3,
      "10": 10,
      "11": 10,
      "12": 6,
      "13": 3,
      "14": 3,
      "15": 6,
      "16": 0,
      "17": 0,
      "18": 0,
      "19": 6,
      "20": 6,
      "21": 0,
      "22": 6,
      "23": 0,
      "24": 0,
      "25": 6,
      "26": 36,
      "27": 0,
      "28": 24,
      "29": 144,
      "30": 36,
      "31": 1,
      "32": 96,
      "33": 96,
      "34": 84,
      "35": 12,
      "36": 1,
      "37": 1
    },
    "f": {
      "0": 6,
      "1": 3,
      "2": 10,
      "3": 3,
      "4": 0,
      "5": 0,
      "6": 0,
      "7": 36,
      "8": 0,
      "9": 24,
      "10": 144,
      "11": 36,
      "12": 96
    },
    "b": {
      "0": [0, 10],
      "1": [0, 10],
      "2": [0, 0],
      "3": [0, 0],
      "4": [0, 6],
      "5": [36, 0],
      "6": [0, 0],
      "7": [6, 0],
      "8": [96, 48],
      "9": [6, 0]
    }
  },
  "/Users/ducanhpham/Desktop/vnoc/zeevision/frontend/src/components/Table/Table.tsx": {
    "path": "/Users/ducanhpham/Desktop/vnoc/zeevision/frontend/src/components/Table/Table.tsx",
    "statementMap": {
      "0": {
        "start": { "line": 1, "column": 0 },
        "end": { "line": 1, "column": 37 }
      },
      "1": {
        "start": { "line": 2, "column": 0 },
        "end": { "line": 2, "column": 52 }
      },
      "2": {
        "start": { "line": 3, "column": 0 },
        "end": { "line": 3, "column": 48 }
      },
      "3": {
        "start": { "line": 24, "column": 2 },
        "end": { "line": 24, "column": 39 }
      },
      "4": {
        "start": { "line": 24, "column": 27 },
        "end": { "line": 24, "column": 39 }
      },
      "5": {
        "start": { "line": 25, "column": 2 },
        "end": { "line": 33, "column": 4 }
      },
      "6": {
        "start": { "line": 23, "column": 0 },
        "end": { "line": 23, "column": 16 }
      },
      "7": {
        "start": { "line": 36, "column": 20 },
        "end": { "line": 54, "column": 2 }
      }
    },
    "fnMap": {
      "0": {
        "name": "Table",
        "decl": {
          "start": { "line": 23, "column": 16 },
          "end": { "line": 23, "column": 21 }
        },
        "loc": {
          "start": { "line": 23, "column": 66 },
          "end": { "line": 34, "column": 1 }
        }
      }
    },
    "branchMap": {
      "0": {
        "loc": {
          "start": { "line": 24, "column": 2 },
          "end": { "line": 24, "column": 39 }
        },
        "type": "if",
        "locations": [
          {
            "start": { "line": 24, "column": 2 },
            "end": { "line": 24, "column": 39 }
          }
        ]
      },
      "1": {
        "loc": {
          "start": { "line": 27, "column": 7 },
          "end": { "line": 30, "column": null }
        },
        "type": "cond-expr",
        "locations": [
          {
            "start": { "line": 28, "column": 8 },
            "end": { "line": 28, "column": 61 }
          },
          {
            "start": { "line": 30, "column": 8 },
            "end": { "line": 30, "column": 59 }
          }
        ]
      }
    },
    "s": { "0": 1, "1": 1, "2": 1, "3": 5, "4": 1, "5": 4, "6": 1, "7": 1 },
    "f": { "0": 5 },
    "b": { "0": [1], "1": [3, 1] }
  },
  "/Users/ducanhpham/Desktop/vnoc/zeevision/frontend/src/components/Table/VerticalTable.tsx": {
    "path": "/Users/ducanhpham/Desktop/vnoc/zeevision/frontend/src/components/Table/VerticalTable.tsx",
    "statementMap": {
      "0": {
        "start": { "line": 1, "column": 0 },
        "end": { "line": 1, "column": 37 }
      },
      "1": {
        "start": { "line": 9, "column": 2 },
        "end": { "line": 9, "column": 52 }
      },
      "2": {
        "start": { "line": 9, "column": 40 },
        "end": { "line": 9, "column": 52 }
      },
      "3": {
        "start": { "line": 10, "column": 2 },
        "end": { "line": 19, "column": 4 }
      },
      "4": {
        "start": { "line": 13, "column": 8 },
        "end": { "line": 13, "column": null }
      },
      "5": {
        "start": { "line": 8, "column": 0 },
        "end": { "line": 8, "column": 16 }
      },
      "6": {
        "start": { "line": 22, "column": 28 },
        "end": { "line": 29, "column": 2 }
      }
    },
    "fnMap": {
      "0": {
        "name": "VerticalTable",
        "decl": {
          "start": { "line": 8, "column": 16 },
          "end": { "line": 8, "column": 29 }
        },
        "loc": {
          "start": { "line": 8, "column": 69 },
          "end": { "line": 20, "column": 1 }
        }
      },
      "1": {
        "name": "(anonymous_1)",
        "decl": {
          "start": { "line": 12, "column": 18 },
          "end": { "line": 12, "column": 19 }
        },
        "loc": {
          "start": { "line": 13, "column": 8 },
          "end": { "line": 13, "column": null }
        }
      }
    },
    "branchMap": {
      "0": {
        "loc": {
          "start": { "line": 9, "column": 2 },
          "end": { "line": 9, "column": 52 }
        },
        "type": "if",
        "locations": [
          {
            "start": { "line": 9, "column": 2 },
            "end": { "line": 9, "column": 52 }
          }
        ]
      },
      "1": {
        "loc": {
          "start": { "line": 9, "column": 6 },
          "end": { "line": 9, "column": 38 }
        },
        "type": "binary-expr",
        "locations": [
          {
            "start": { "line": 9, "column": 6 },
            "end": { "line": 9, "column": 14 }
          },
          {
            "start": { "line": 9, "column": 18 },
            "end": { "line": 9, "column": 38 }
          }
        ]
      }
    },
    "s": { "0": 1, "1": 1, "2": 0, "3": 1, "4": 7, "5": 1, "6": 1 },
    "f": { "0": 1, "1": 7 },
    "b": { "0": [0], "1": [1, 1] }
  },
  "/Users/ducanhpham/Desktop/vnoc/zeevision/frontend/src/components/Table/index.ts": {
    "path": "/Users/ducanhpham/Desktop/vnoc/zeevision/frontend/src/components/Table/index.ts",
    "statementMap": {
      "0": {
        "start": { "line": 1, "column": 0 },
        "end": { "line": 1, "column": 9 }
      },
      "1": {
        "start": { "line": 1, "column": 9 },
        "end": { "line": 1, "column": 32 }
      }
    },
    "fnMap": {
      "0": {
        "name": "(anonymous_0)",
        "decl": {
          "start": { "line": 1, "column": 9 },
          "end": { "line": 1, "column": 14 }
        },
        "loc": {
          "start": { "line": 1, "column": 9 },
          "end": { "line": 1, "column": 32 }
        }
      }
    },
    "branchMap": {},
    "s": { "0": 1, "1": 6 },
    "f": { "0": 5 },
    "b": {}
  },
  "/Users/ducanhpham/Desktop/vnoc/zeevision/frontend/src/theme/palette.ts": {
    "path": "/Users/ducanhpham/Desktop/vnoc/zeevision/frontend/src/theme/palette.ts",
    "statementMap": {
      "0": {
        "start": { "line": 1, "column": 13 },
        "end": { "line": 13, "column": 2 }
      }
    },
    "fnMap": {},
    "branchMap": {},
    "s": { "0": 3 },
    "f": {},
    "b": {}
  }
}
