TN:
SF:src/components/Button/Button.tsx
FN:43,Button
FN:58,(anonymous_1)
FN:60,(anonymous_2)
FNF:3
FNH:3
FNDA:14,Button
FNDA:67,(anonymous_1)
FNDA:14,(anonymous_2)
DA:1,2
DA:6,2
DA:7,2
DA:43,2
DA:50,14
DA:57,2
DA:58,67
DA:60,14
LF:8
LH:8
BRDA:44,0,0,8
BRDA:45,1,0,14
BRDA:52,2,0,14
BRDA:52,2,1,8
BRDA:58,3,0,67
BRDA:58,3,1,66
BRDA:65,4,0,1
BRDA:65,4,1,13
BRDA:65,5,0,1
BRDA:65,5,1,12
BRDA:67,6,0,0
BRDA:67,6,1,14
BRDA:69,7,0,0
BRDA:69,7,1,14
BRDA:69,8,0,0
BRDA:69,8,1,14
BRDA:81,9,0,0
BRDA:81,9,1,14
BRDA:87,10,0,8
BRDA:87,10,1,6
BRDA:88,11,0,0
BRDA:88,11,1,14
BRDA:94,12,0,0
BRDA:94,12,1,14
BRDA:98,13,0,0
BRDA:98,13,1,14
BRF:26
BRH:19
end_of_record
TN:
SF:src/components/Button/index.ts
FN:1,(anonymous_0)
FNF:1
FNH:1
FNDA:15,(anonymous_0)
DA:1,17
LF:1
LH:1
BRF:0
BRH:0
end_of_record
TN:
SF:src/components/Popup/Popup.tsx
FN:25,Popup
FN:57,Fade
FN:63,(anonymous_2)
FN:68,(anonymous_3)
FN:84,(anonymous_4)
FNF:5
FNH:3
FNDA:7,Popup
FNDA:12,Fade
FNDA:0,(anonymous_2)
FNDA:0,(anonymous_3)
FNDA:6,(anonymous_4)
DA:1,1
DA:2,1
DA:3,1
DA:4,1
DA:5,1
DA:6,1
DA:25,1
DA:26,7
DA:57,1
DA:58,12
DA:59,12
DA:64,0
DA:65,0
DA:69,0
DA:70,0
DA:74,12
DA:81,1
DA:85,6
DA:86,6
DA:89,1
DA:103,1
DA:117,1
DA:124,1
DA:133,1
DA:145,1
LF:25
LH:21
BRDA:61,0,0,12
BRDA:61,0,1,0
BRDA:64,1,0,0
BRDA:64,2,0,0
BRDA:64,2,1,0
BRDA:69,3,0,0
BRDA:69,4,0,0
BRDA:69,4,1,0
BRF:8
BRH:1
end_of_record
TN:
SF:src/components/Snackbar/Snackbar.tsx
FN:53,Snackbar
FN:60,(anonymous_1)
FN:67,(anonymous_2)
FN:71,(anonymous_3)
FN:75,(anonymous_4)
FN:80,(anonymous_5)
FN:85,(anonymous_6)
FN:107,(anonymous_7)
FN:122,SnackbarContent
FN:201,(anonymous_9)
FNF:10
FNH:9
FNDA:12,Snackbar
FNDA:1,(anonymous_1)
FNDA:6,(anonymous_2)
FNDA:0,(anonymous_3)
FNDA:12,(anonymous_4)
FNDA:1,(anonymous_5)
FNDA:12,(anonymous_6)
FNDA:13,(anonymous_7)
FNDA:13,SnackbarContent
FNDA:13,(anonymous_9)
DA:1,1
DA:2,1
DA:3,1
DA:4,1
DA:5,1
DA:6,1
DA:7,1
DA:8,1
DA:9,1
DA:53,1
DA:54,12
DA:55,12
DA:56,12
DA:57,12
DA:58,12
DA:60,12
DA:61,1
DA:62,0
DA:64,1
DA:67,12
DA:68,6
DA:71,12
DA:72,0
DA:75,12
DA:76,12
DA:77,12
DA:78,6
DA:80,12
DA:81,1
DA:85,12
DA:86,12
DA:87,12
DA:92,12
DA:108,13
DA:122,1
DA:130,13
DA:177,1
DA:190,1
DA:200,1
DA:201,13
DA:235,1
LF:41
LH:39
BRDA:61,0,0,0
BRDA:76,1,0,12
BRDA:77,2,0,6
BRDA:86,3,0,12
BRDA:140,4,0,11
BRDA:140,4,1,2
BRDA:207,5,0,2
BRDA:207,5,1,11
BRF:8
BRH:7
end_of_record
TN:
SF:src/components/Table/HorizontalTable.tsx
FN:13,HorizontalTable
FN:22,(anonymous_1)
FN:27,(anonymous_2)
FN:35,(anonymous_3)
FN:41,(anonymous_4)
FN:52,(anonymous_5)
FN:59,(anonymous_6)
FN:69,(anonymous_7)
FN:70,(anonymous_8)
FN:86,(anonymous_9)
FN:88,(anonymous_10)
FN:107,(anonymous_11)
FN:132,prettifyJson
FNF:13
FNH:9
FNDA:6,HorizontalTable
FNDA:3,(anonymous_1)
FNDA:10,(anonymous_2)
FNDA:3,(anonymous_3)
FNDA:0,(anonymous_4)
FNDA:0,(anonymous_5)
FNDA:0,(anonymous_6)
FNDA:36,(anonymous_7)
FNDA:0,(anonymous_8)
FNDA:24,(anonymous_9)
FNDA:144,(anonymous_10)
FNDA:36,(anonymous_11)
FNDA:96,prettifyJson
DA:1,1
DA:2,1
DA:3,1
DA:13,1
DA:14,6
DA:15,6
DA:16,6
DA:17,6
DA:19,6
DA:21,6
DA:27,3
DA:29,10
DA:30,10
DA:35,6
DA:37,3
DA:38,3
DA:41,6
DA:43,0
DA:44,0
DA:45,0
DA:50,6
DA:52,6
DA:56,0
DA:59,6
DA:62,0
DA:63,0
DA:65,6
DA:70,36
DA:87,24
DA:89,144
DA:107,36
DA:133,96
DA:134,96
DA:136,84
DA:138,12
DA:141,1
DA:146,1
LF:37
LH:31
BRDA:29,0,0,0
BRDA:29,0,1,10
BRDA:30,1,0,0
BRDA:30,1,1,10
BRDA:43,2,0,0
BRDA:43,2,1,0
BRDA:43,3,0,0
BRDA:43,3,1,0
BRDA:50,4,0,0
BRDA:50,4,1,6
BRDA:72,5,0,36
BRDA:72,5,1,0
BRDA:73,6,0,0
BRDA:73,6,1,0
BRDA:80,7,0,6
BRDA:80,7,1,0
BRDA:91,8,0,96
BRDA:91,8,1,48
BRDA:97,9,0,6
BRDA:97,9,1,0
BRF:20
BRH:8
end_of_record
TN:
SF:src/components/Table/Table.tsx
FN:23,Table
FNF:1
FNH:1
FNDA:5,Table
DA:1,1
DA:2,1
DA:3,1
DA:23,1
DA:24,5
DA:25,4
DA:36,1
LF:7
LH:7
BRDA:24,0,0,1
BRDA:27,1,0,3
BRDA:27,1,1,1
BRF:3
BRH:3
end_of_record
TN:
SF:src/components/Table/VerticalTable.tsx
FN:8,VerticalTable
FN:12,(anonymous_1)
FNF:2
FNH:2
FNDA:1,VerticalTable
FNDA:7,(anonymous_1)
DA:1,1
DA:8,1
DA:9,1
DA:10,1
DA:13,7
DA:22,1
LF:6
LH:6
BRDA:9,0,0,0
BRDA:9,1,0,1
BRDA:9,1,1,1
BRF:3
BRH:2
end_of_record
TN:
SF:src/components/Table/index.ts
FN:1,(anonymous_0)
FNF:1
FNH:1
FNDA:5,(anonymous_0)
DA:1,6
LF:1
LH:1
BRF:0
BRH:0
end_of_record
TN:
SF:src/theme/palette.ts
FNF:0
FNH:0
DA:1,3
LF:1
LH:1
BRF:0
BRH:0
end_of_record
